c:\users\liwuen\desktop\dance_cpp_good1 - vs10-20170802t073444z-001\dance_cpp_good1 - vs10\debug\vc140.pdb
c:\users\liwuen\desktop\dance_cpp_good1 - vs10-20170802t073444z-001\dance_cpp_good1 - vs10\debug\vc140.idb
c:\users\liwuen\desktop\dance_cpp_good1 - vs10-20170802t073444z-001\dance_cpp_good1 - vs10\debug\actor.obj
c:\users\liwuen\desktop\dance_cpp_good1 - vs10-20170802t073444z-001\dance_cpp_good1 - vs10\debug\dance.obj
c:\users\liwuen\desktop\dance_cpp_good1 - vs10-20170802t073444z-001\dance_cpp_good1 - vs10\debug\main.obj
c:\users\liwuen\desktop\dance_cpp_good1 - vs10-20170802t073444z-001\dance_cpp_good1 - vs10\debug\music.obj
c:\users\liwuen\desktop\dance_cpp_good1 - vs10-20170802t073444z-001\dance_cpp_good1 - vs10\debug\script.obj
c:\users\liwuen\desktop\dance_cpp_good1 - vs10-20170802t073444z-001\dance_opengl\debug\vc140.pdb
c:\users\liwuen\desktop\dance_cpp_good1 - vs10-20170802t073444z-001\dance_opengl\debug\vc140.idb
c:\users\liwuen\desktop\dance_cpp_good1 - vs10-20170802t073444z-001\dance_opengl\debug\actor.obj
c:\users\liwuen\desktop\dance_cpp_good1 - vs10-20170802t073444z-001\dance_opengl\debug\dance.obj
c:\users\liwuen\desktop\dance_cpp_good1 - vs10-20170802t073444z-001\dance_opengl\debug\main.obj
c:\users\liwuen\desktop\dance_cpp_good1 - vs10-20170802t073444z-001\dance_opengl\debug\music.obj
c:\users\liwuen\desktop\dance_cpp_good1 - vs10-20170802t073444z-001\dance_opengl\debug\script.obj
c:\users\liwuen\desktop\dance_cpp_good1 - vs10-20170802t073444z-001\dance_cpp_good1 - vs10\debug\dance.ilk
c:\users\liwuen\desktop\dance_cpp_good1 - vs10-20170802t073444z-001\dance_cpp_good1 - vs10\debug\dance.exe
c:\users\liwuen\desktop\dance_cpp_good1 - vs10-20170802t073444z-001\dance_cpp_good1 - vs10\debug\dance.pdb
c:\users\liwuen\desktop\dance_cpp_good1 - vs10-20170802t073444z-001\dance_opengl\debug\dance.ilk
c:\users\liwuen\desktop\dance_cpp_good1 - vs10-20170802t073444z-001\dance_opengl\debug\dance.exe
c:\users\liwuen\desktop\dance_cpp_good1 - vs10-20170802t073444z-001\dance_opengl\debug\dance.pdb
c:\users\liwuen\desktop\dance_cpp_good1 - vs10-20170802t073444z-001\dance_opengl\.\debug\dance.exe
c:\users\liwuen\desktop\dance_cpp_good1 - vs10-20170802t073444z-001\dance_opengl\debug\dance.tlog\cl.command.1.tlog
c:\users\liwuen\desktop\dance_cpp_good1 - vs10-20170802t073444z-001\dance_opengl\debug\dance.tlog\cl.read.1.tlog
c:\users\liwuen\desktop\dance_cpp_good1 - vs10-20170802t073444z-001\dance_opengl\debug\dance.tlog\cl.write.1.tlog
c:\users\liwuen\desktop\dance_cpp_good1 - vs10-20170802t073444z-001\dance_opengl\debug\dance.tlog\link.command.1.tlog
c:\users\liwuen\desktop\dance_cpp_good1 - vs10-20170802t073444z-001\dance_opengl\debug\dance.tlog\link.read.1.tlog
c:\users\liwuen\desktop\dance_cpp_good1 - vs10-20170802t073444z-001\dance_opengl\debug\dance.tlog\link.write.1.tlog
